[01m[K/home/speike/v_riekf_ws/src/V-RIEKF/camera_model/src/calib/CameraCalibration.cc:[m[K In member function ‘[01m[Kvoid camodocal::CameraCalibration::optimize(camodocal::CameraPtr&, std::vector<cv::Mat>&, std::vector<cv::Mat>&) const[m[K’:
[01m[K/home/speike/v_riekf_ws/src/V-RIEKF/camera_model/src/calib/CameraCalibration.cc:507:39:[m[K [01;35m[Kwarning: [m[K‘[01m[KLocalParameterization[m[K’ is deprecated: LocalParameterizations will be removed from the Ceres Solver API in version 2.2.0. Use Manifolds instead. [[01;35m[K-Wdeprecated-declarations[m[K]
  507 |         ceres::LocalParameterization* [01;35m[KquaternionParameterization[m[K =
      |                                       [01;35m[K^~~~~~~~~~~~~~~~~~~~~~~~~~[m[K
In file included from [01m[K/home/speike/v_riekf_ws/src/V-RIEKF/camera_model/include/camodocal/gpl/EigenQuaternionParameterization.h:4[m[K,
                 from [01m[K/home/speike/v_riekf_ws/src/V-RIEKF/camera_model/src/calib/CameraCalibration.cc:16[m[K:
[01m[K/usr/local/include/ceres/local_parameterization.h:121:18:[m[K [01;36m[Knote: [m[Kdeclared here
  121 |     CERES_EXPORT [01;36m[KLocalParameterization[m[K {
      |                  [01;36m[K^~~~~~~~~~~~~~~~~~~~~[m[K
[01m[K/home/speike/v_riekf_ws/src/V-RIEKF/camera_model/src/calib/CameraCalibration.cc:511:63:[m[K [01;35m[Kwarning: [m[K‘[01m[Kvoid ceres::Problem::SetParameterization(double*, ceres::LocalParameterization*)[m[K’ is deprecated: LocalParameterizations are deprecated. Use SetManifold instead. [[01;35m[K-Wdeprecated-declarations[m[K]
  511 |                                     quaternionParameterization[01;35m[K)[m[K;
      |                                                               [01;35m[K^[m[K
In file included from [01m[K/usr/local/include/ceres/ceres.h:66[m[K,
                 from [01m[K/home/speike/v_riekf_ws/src/V-RIEKF/camera_model/src/calib/CameraCalibration.cc:20[m[K:
[01m[K/usr/local/include/ceres/problem.h:395:8:[m[K [01;36m[Knote: [m[Kdeclared here
  395 |   void [01;36m[KSetParameterization[m[K(double* values,
      |        [01;36m[K^~~~~~~~~~~~~~~~~~~[m[K
[01m[K/home/speike/v_riekf_ws/src/V-RIEKF/camera_model/src/calib/CameraCalibration.cc:[m[K In member function ‘[01m[Kvoid camodocal::CameraCalibration::optimize(camodocal::CameraPtr&, std::vector<cv::Mat>&, std::vector<cv::Mat>&) const[m[K’:
[01m[K/home/speike/v_riekf_ws/src/V-RIEKF/camera_model/src/calib/CameraCalibration.cc:507:39:[m[K [01;35m[Kwarning: [m[K‘[01m[KLocalParameterization[m[K’ is deprecated: LocalParameterizations will be removed from the Ceres Solver API in version 2.2.0. Use Manifolds instead. [[01;35m[K-Wdeprecated-declarations[m[K]
  507 |         ceres::LocalParameterization* [01;35m[KquaternionParameterization[m[K =
      |                                       [01;35m[K^~~~~~~~~~~~~~~~~~~~~~~~~~[m[K
In file included from [01m[K/home/speike/v_riekf_ws/src/V-RIEKF/camera_model/include/camodocal/gpl/EigenQuaternionParameterization.h:4[m[K,
                 from [01m[K/home/speike/v_riekf_ws/src/V-RIEKF/camera_model/src/calib/CameraCalibration.cc:16[m[K:
[01m[K/usr/local/include/ceres/local_parameterization.h:121:18:[m[K [01;36m[Knote: [m[Kdeclared here
  121 |     CERES_EXPORT [01;36m[KLocalParameterization[m[K {
      |                  [01;36m[K^~~~~~~~~~~~~~~~~~~~~[m[K
[01m[K/home/speike/v_riekf_ws/src/V-RIEKF/camera_model/src/calib/CameraCalibration.cc:511:63:[m[K [01;35m[Kwarning: [m[K‘[01m[Kvoid ceres::Problem::SetParameterization(double*, ceres::LocalParameterization*)[m[K’ is deprecated: LocalParameterizations are deprecated. Use SetManifold instead. [[01;35m[K-Wdeprecated-declarations[m[K]
  511 |                                     quaternionParameterization[01;35m[K)[m[K;
      |                                                               [01;35m[K^[m[K
In file included from [01m[K/usr/local/include/ceres/ceres.h:66[m[K,
                 from [01m[K/home/speike/v_riekf_ws/src/V-RIEKF/camera_model/src/calib/CameraCalibration.cc:20[m[K:
[01m[K/usr/local/include/ceres/problem.h:395:8:[m[K [01;36m[Knote: [m[Kdeclared here
  395 |   void [01;36m[KSetParameterization[m[K(double* values,
      |        [01;36m[K^~~~~~~~~~~~~~~~~~~[m[K
